No configuration for route "/blog/:title" found. Skipping

----------------------------------
Using stored unhandled routes!.
   To discover new routes in the angular app use "npm run scully -- --scanRoutes"
----------------------------------No configuration for route "/blog/:title" found. Skipping


----------------------------------
Using stored unhandled routes!.
   To discover new routes in the angular app use "npm run scully -- --scanRoutes"
----------------------------------No configuration for route "/blog/:title" found. Skipping


----------------------------------
Using stored unhandled routes!.
   To discover new routes in the angular app use "npm run scully -- --scanRoutes"
----------------------------------No configuration for route "/blog/:title" found. Skipping


----------------------------------
Using stored unhandled routes!.
   To discover new routes in the angular app use "npm run scully -- --scanRoutes"
----------------------------------

----------------------------------
Using stored unhandled routes!.
   To discover new routes in the angular app use "npm run scully -- --scanRoutes"
----------------------------------

----------------------------------
Using stored unhandled routes!.
   To discover new routes in the angular app use "npm run scully -- --scanRoutes"
----------------------------------

----------------------------------
Using stored unhandled routes!.
   To discover new routes in the angular app use "npm run scully -- --scanRoutes"
----------------------------------No configuration for route "/blog/:title" found. Skipping


----------------------------------
Using stored unhandled routes!.
   To discover new routes in the angular app use "npm run scully -- --scanRoutes"
----------------------------------No configuration for route "/blog/:title" found. Skipping


----------------------------------
Using stored unhandled routes!.
   To discover new routes in the angular app use "npm run scully -- --scanRoutes"
----------------------------------No configuration for route "/blog/:title" found. Skipping


----------------------------------
Using stored unhandled routes!.
   To discover new routes in the angular app use "npm run scully -- --scanRoutes"
---------------------------------- The router plugin "contentFolder has thrown the below error,
              while trying to render route "unknown"
              Scully will exitTypeError: frag.trim is not a function



----------------------------------
Using stored unhandled routes!.
   To discover new routes in the angular app use "npm run scully -- --scanRoutes"
---------------------------------- The router plugin "contentFolder has thrown the below error,
              while trying to render route "unknown"
              Scully will exitTypeError: frag.trim is not a function



----------------------------------
Using stored unhandled routes!.
   To discover new routes in the angular app use "npm run scully -- --scanRoutes"
---------------------------------- The router plugin "contentFolder has thrown the below error,
              while trying to render route "unknown"
              Scully will exitTypeError: frag.trim is not a function



----------------------------------
Using stored unhandled routes!.
   To discover new routes in the angular app use "npm run scully -- --scanRoutes"
---------------------------------- The router plugin "contentFolder has thrown the below error,
              while trying to render route "unknown"
              Scully will exitTypeError: frag.trim is not a function


 The router plugin "contentFolder has thrown the below error,
              while trying to render route "unknown"
              Scully will exitTypeError: frag.trim is not a function


----------------------------------
Using stored unhandled routes!.
   To discover new routes in the angular app use "npm run scully -- --scanRoutes"
---------------------------------- The router plugin "contentFolder has thrown the below error,
              while trying to render route "unknown"
              Scully will exitTypeError: frag.trim is not a function


 The router plugin "contentFolder has thrown the below error,
              while trying to render route "unknown"
              Scully will exitTypeError: frag.trim is not a function

No configuration for route "/blog/:title" found. Skipping
